2022-09-09 12:38:35,709 - roo - INFO - 打开chrome浏览器成功
2022-09-09 12:38:35,712 - roo - INFO - 设置隐式等待时间： 15s
2022-09-09 12:38:38,011 - roo - INFO - 关闭浏览器成功
2022-09-09 12:40:12,762 - roo - INFO - 打开chrome浏览器成功
2022-09-09 12:40:12,766 - roo - INFO - 设置隐式等待时间： 15s
2022-09-09 12:40:13,577 - roo - INFO - 打开网页成功: https://www.baidu.com/
2022-09-09 12:40:13,947 - roo - INFO - 输入文本成功 element: ('id', 'kw') value: 哈利波特
2022-09-09 12:40:14,043 - roo - INFO - 点击 element: ('id', 'su')
2022-09-09 12:40:15,781 - roo - INFO - 获取文本成功 value: ('css selector', '.hint_PIwZX.c_font_2AD7M')
2022-09-09 12:40:15,995 - roo - INFO - 打开网页成功: https://www.baidu.com/
2022-09-09 12:40:16,139 - roo - INFO - 输入文本成功 element: ('id', 'kw') value: 速度与激情
2022-09-09 12:40:16,220 - roo - INFO - 点击 element: ('id', 'su')
2022-09-09 12:40:17,311 - roo - INFO - 获取文本成功 value: ('css selector', '.hint_PIwZX.c_font_2AD7M')
2022-09-09 12:40:17,521 - roo - INFO - 打开网页成功: https://www.baidu.com/
2022-09-09 12:40:17,651 - roo - INFO - 输入文本成功 element: ('id', 'kw') value: liguofang
2022-09-09 12:40:17,728 - roo - INFO - 点击 element: ('id', 'su')
2022-09-09 12:40:18,998 - roo - INFO - 获取文本成功 value: ('css selector', '.hint_PIwZX.c_font_2AD7M')
2022-09-09 12:40:20,044 - roo - INFO - 打开网页成功: https://www.baidu.com/
2022-09-09 12:40:20,158 - roo - INFO - 输入文本成功 element: ('id', 'kw') value: lisi
2022-09-09 12:40:20,243 - roo - INFO - 点击 element: ('id', 'su')
2022-09-09 12:40:21,031 - roo - INFO - 获取文本成功 value: ('css selector', '.hint_PIwZX.c_font_2AD7M')
2022-09-09 12:40:23,281 - roo - INFO - 关闭浏览器成功
2022-09-09 15:00:40,512 - roo - INFO - 打开chrome浏览器成功
2022-09-09 15:00:40,516 - roo - INFO - 设置隐式等待时间： 15s
2022-09-09 15:00:41,309 - roo - INFO - 打开网页成功: https://www.baidu.com/
2022-09-09 15:00:41,692 - roo - INFO - 输入文本成功 element: ('id', 'kw') value: liguofang
2022-09-09 15:00:41,770 - roo - INFO - 点击 element: ('id', 'su')
2022-09-09 15:00:43,278 - roo - INFO - 获取文本成功 value: ('css selector', '.hint_PIwZX.c_font_2AD7M')
2022-09-09 15:00:43,488 - roo - INFO - 打开网页成功: https://www.baidu.com/
2022-09-09 15:00:43,595 - roo - INFO - 输入文本成功 element: ('id', 'kw') value: lisi
2022-09-09 15:00:43,668 - roo - INFO - 点击 element: ('id', 'su')
2022-09-09 15:00:44,781 - roo - INFO - 获取文本成功 value: ('css selector', '.hint_PIwZX.c_font_2AD7M')
2022-09-09 15:00:47,032 - roo - INFO - 关闭浏览器成功
2022-09-09 15:23:39,372 - roo - INFO - 打开chrome浏览器成功
2022-09-09 15:23:39,376 - roo - INFO - 设置隐式等待时间： 15s
2022-09-09 15:23:41,654 - roo - INFO - 关闭浏览器成功
2022-09-09 15:29:17,058 - roo - INFO - 打开chrome浏览器成功
2022-09-09 15:29:17,062 - roo - INFO - 设置隐式等待时间： 15s
2022-09-09 15:29:19,364 - roo - INFO - 关闭浏览器成功
2022-09-09 15:29:45,020 - roo - INFO - 打开chrome浏览器成功
2022-09-09 15:29:45,023 - roo - INFO - 设置隐式等待时间： 15s
2022-09-09 15:29:47,270 - roo - INFO - 关闭浏览器成功
2022-09-09 15:30:55,007 - roo - INFO - 打开chrome浏览器成功
2022-09-09 15:30:55,011 - roo - INFO - 设置隐式等待时间： 15s
2022-09-09 15:30:57,279 - roo - INFO - 关闭浏览器成功
2022-09-09 15:35:23,861 - roo - INFO - 打开chrome浏览器成功
2022-09-09 15:35:23,866 - roo - INFO - 设置隐式等待时间： 15s
2022-09-09 15:35:26,188 - roo - INFO - 关闭浏览器成功
2022-09-09 15:37:42,691 - roo - INFO - 打开chrome浏览器成功
2022-09-09 15:37:42,695 - roo - INFO - 设置隐式等待时间： 15s
2022-09-09 15:37:44,976 - roo - INFO - 关闭浏览器成功
2022-09-09 15:42:21,111 - roo - INFO - 打开chrome浏览器成功
2022-09-09 15:42:21,115 - roo - INFO - 设置隐式等待时间： 15s
2022-09-09 15:42:21,901 - roo - INFO - 打开网页成功: https://www.baidu.com/
2022-09-09 15:42:22,276 - roo - INFO - 输入文本成功 element: ('id', 'kw') value: 隐入尘烟
2022-09-09 15:42:22,372 - roo - INFO - 点击 element: ('id', 'su')
2022-09-09 15:42:23,838 - roo - INFO - 获取文本成功 value: ('css selector', '.hint_PIwZX.c_font_2AD7M')
2022-09-09 15:42:24,100 - roo - INFO - 打开网页成功: https://www.baidu.com/
2022-09-09 15:42:24,227 - roo - INFO - 输入文本成功 element: ('id', 'kw') value: 哈利波特
2022-09-09 15:42:24,297 - roo - INFO - 点击 element: ('id', 'su')
2022-09-09 15:42:25,845 - roo - INFO - 获取文本成功 value: ('css selector', '.hint_PIwZX.c_font_2AD7M')
2022-09-09 15:42:26,100 - roo - INFO - 打开网页成功: https://www.baidu.com/
2022-09-09 15:42:26,210 - roo - INFO - 输入文本成功 element: ('id', 'kw') value: 复仇者联盟
2022-09-09 15:42:26,285 - roo - INFO - 点击 element: ('id', 'su')
2022-09-09 15:42:28,127 - roo - INFO - 获取文本成功 value: ('css selector', '.hint_PIwZX.c_font_2AD7M')
2022-09-09 15:42:30,390 - roo - INFO - 关闭浏览器成功
2022-09-09 15:45:18,865 - roo - INFO - 打开chrome浏览器成功
2022-09-09 15:45:18,868 - roo - INFO - 设置隐式等待时间： 15s
2022-09-09 15:45:18,983 - roo - INFO - 开始测试
2022-09-09 15:45:19,600 - roo - INFO - 打开网页成功: https://www.baidu.com/
2022-09-09 15:45:19,676 - roo - INFO - 输入文本成功 element: ('id', 'kw') value: 隐入尘烟
2022-09-09 15:45:19,895 - roo - INFO - 点击 element: ('id', 'su')
2022-09-09 15:45:20,874 - roo - INFO - 获取文本成功 value: ('css selector', '.hint_PIwZX.c_font_2AD7M')
2022-09-09 15:45:21,216 - roo - INFO - 打开网页成功: https://www.baidu.com/
2022-09-09 15:45:21,291 - roo - INFO - 输入文本成功 element: ('id', 'kw') value: 哈利波特
2022-09-09 15:45:21,332 - roo - INFO - 点击 element: ('id', 'su')
2022-09-09 15:45:22,490 - roo - INFO - 获取文本成功 value: ('css selector', '.hint_PIwZX.c_font_2AD7M')
2022-09-09 15:45:22,661 - roo - INFO - 打开网页成功: https://www.baidu.com/
2022-09-09 15:45:22,722 - roo - INFO - 输入文本成功 element: ('id', 'kw') value: 复仇者联盟
2022-09-09 15:45:22,768 - roo - INFO - 点击 element: ('id', 'su')
2022-09-09 15:45:23,984 - roo - INFO - 获取文本成功 value: ('css selector', '.hint_PIwZX.c_font_2AD7M')
2022-09-09 15:45:26,128 - roo - INFO - 关闭浏览器成功
2022-09-09 15:45:26,129 - roo - INFO - 测试全部结束
2022-09-09 15:47:22,206 - roo - INFO - 打开chrome浏览器成功
2022-09-09 15:47:22,207 - roo - INFO - 设置隐式等待时间： 15s
2022-09-09 15:47:22,324 - roo - INFO - 执行的测试用例为 隐入尘烟
2022-09-09 15:47:22,786 - roo - INFO - 打开网页成功: https://www.baidu.com/
2022-09-09 15:47:22,859 - roo - INFO - 输入文本成功 element: ('id', 'kw') value: 隐入尘烟
2022-09-09 15:47:23,065 - roo - INFO - 点击 element: ('id', 'su')
2022-09-09 15:47:24,559 - roo - INFO - 获取文本成功 value: ('css selector', '.hint_PIwZX.c_font_2AD7M')
2022-09-09 15:47:24,569 - roo - INFO - 执行的测试用例为 哈利波特
2022-09-09 15:47:24,768 - roo - INFO - 打开网页成功: https://www.baidu.com/
2022-09-09 15:47:24,830 - roo - INFO - 输入文本成功 element: ('id', 'kw') value: 哈利波特
2022-09-09 15:47:24,871 - roo - INFO - 点击 element: ('id', 'su')
2022-09-09 15:47:26,091 - roo - INFO - 获取文本成功 value: ('css selector', '.hint_PIwZX.c_font_2AD7M')
2022-09-09 15:47:26,101 - roo - INFO - 执行的测试用例为 复仇者联盟
2022-09-09 15:47:26,260 - roo - INFO - 打开网页成功: https://www.baidu.com/
2022-09-09 15:47:26,319 - roo - INFO - 输入文本成功 element: ('id', 'kw') value: 复仇者联盟
2022-09-09 15:47:26,364 - roo - INFO - 点击 element: ('id', 'su')
2022-09-09 15:47:27,761 - roo - INFO - 获取文本成功 value: ('css selector', '.hint_PIwZX.c_font_2AD7M')
2022-09-09 15:47:29,903 - roo - INFO - 关闭浏览器成功
2022-09-09 15:47:29,904 - roo - INFO - 测试全部结束
2022-09-09 20:30:44,265 - roo - INFO - 打开chrome浏览器成功
2022-09-09 20:30:44,268 - roo - INFO - 设置隐式等待时间： 15s
2022-09-09 20:30:44,400 - roo - INFO - 执行的测试用例为 隐入尘烟
2022-09-09 20:30:45,004 - roo - INFO - 打开网页成功: https://www.baidu.com/
2022-09-09 20:30:45,263 - roo - INFO - 输入文本成功 element: ('id', 'kw') value: 隐入尘烟
2022-09-09 20:30:45,334 - roo - INFO - 点击 element: ('id', 'su')
2022-09-09 20:30:46,428 - roo - INFO - 获取文本成功 value: ('css selector', '.hint_PIwZX.c_font_2AD7M')
2022-09-09 20:30:46,440 - roo - INFO - 执行的测试用例为 哈利波特
2022-09-09 20:30:46,638 - roo - INFO - 打开网页成功: https://www.baidu.com/
2022-09-09 20:30:46,728 - roo - INFO - 输入文本成功 element: ('id', 'kw') value: 哈利波特
2022-09-09 20:30:46,786 - roo - INFO - 点击 element: ('id', 'su')
2022-09-09 20:31:01,043 - roo - INFO - 获取文本成功 value: ('css selector', '.hint_PIwZX.c_font_2AD7M')
2022-09-09 20:31:01,053 - roo - INFO - 执行的测试用例为 复仇者联盟
2022-09-09 20:31:01,386 - roo - INFO - 打开网页成功: https://www.baidu.com/
2022-09-09 20:31:01,467 - roo - INFO - 输入文本成功 element: ('id', 'kw') value: 复仇者联盟
2022-09-09 20:31:01,533 - roo - INFO - 点击 element: ('id', 'su')
2022-09-09 20:31:02,558 - roo - INFO - 获取文本成功 value: ('css selector', '.hint_PIwZX.c_font_2AD7M')
2022-09-09 20:31:04,781 - roo - INFO - 关闭浏览器成功
2022-09-09 20:31:04,782 - roo - INFO - 测试全部结束
2022-09-09 20:38:42,916 - roo - INFO - 打开chrome浏览器成功
2022-09-09 20:38:42,918 - roo - INFO - 设置隐式等待时间： 15s
2022-09-09 20:38:43,046 - roo - INFO - 执行的测试用例为 隐入尘烟
2022-09-09 20:38:43,586 - roo - INFO - 打开网页成功: https://www.baidu.com/
2022-09-09 20:38:43,802 - roo - INFO - 输入文本成功 element: ('id', 'kw') value: 隐入尘烟
2022-09-09 20:38:43,918 - roo - INFO - 点击 element: ('id', 'su')
2022-09-09 20:38:44,921 - roo - INFO - 获取文本成功 value: ('css selector', '.hint_PIwZX.c_font_2AD7M')
2022-09-09 20:38:44,931 - roo - INFO - 执行的测试用例为 哈利波特
2022-09-09 20:38:45,154 - roo - INFO - 打开网页成功: https://www.baidu.com/
2022-09-09 20:38:45,233 - roo - INFO - 输入文本成功 element: ('id', 'kw') value: 哈利波特
2022-09-09 20:38:45,281 - roo - INFO - 点击 element: ('id', 'su')
2022-09-09 20:38:46,497 - roo - INFO - 获取文本成功 value: ('css selector', '.hint_PIwZX.c_font_2AD7M')
2022-09-09 20:38:46,509 - roo - INFO - 执行的测试用例为 复仇者联盟
2022-09-09 20:38:46,678 - roo - INFO - 打开网页成功: https://www.baidu.com/
2022-09-09 20:38:46,750 - roo - INFO - 输入文本成功 element: ('id', 'kw') value: 复仇者联盟
2022-09-09 20:38:46,798 - roo - INFO - 点击 element: ('id', 'su')
2022-09-09 20:38:48,080 - roo - INFO - 获取文本成功 value: ('css selector', '.hint_PIwZX.c_font_2AD7M')
2022-09-09 20:38:50,246 - roo - INFO - 关闭浏览器成功
2022-09-09 20:38:50,247 - roo - INFO - 测试全部结束
2022-09-09 20:40:08,657 - roo - INFO - 打开chrome浏览器成功
2022-09-09 20:40:08,659 - roo - INFO - 设置隐式等待时间： 15s
2022-09-09 20:40:08,788 - roo - INFO - 执行的测试用例为 隐入尘烟
2022-09-09 20:40:09,315 - roo - INFO - 打开网页成功: https://www.baidu.com/
2022-09-09 20:40:09,507 - roo - INFO - 输入文本成功 element: ('id', 'kw') value: 隐入尘烟
2022-09-09 20:40:09,609 - roo - INFO - 点击 element: ('id', 'su')
2022-09-09 20:40:10,182 - roo - INFO - 获取文本成功 value: ('css selector', '.hint_PIwZX.c_font_2AD7M')
2022-09-09 20:40:10,244 - roo - INFO - 执行的测试用例为 哈利波特
2022-09-09 20:40:10,548 - roo - INFO - 打开网页成功: https://www.baidu.com/
2022-09-09 20:40:10,637 - roo - INFO - 输入文本成功 element: ('id', 'kw') value: 哈利波特
2022-09-09 20:40:10,697 - roo - INFO - 点击 element: ('id', 'su')
2022-09-09 20:40:12,272 - roo - INFO - 获取文本成功 value: ('css selector', '.hint_PIwZX.c_font_2AD7M')
2022-09-09 20:40:12,283 - roo - INFO - 执行的测试用例为 复仇者联盟
2022-09-09 20:40:12,457 - roo - INFO - 打开网页成功: https://www.baidu.com/
2022-09-09 20:40:12,534 - roo - INFO - 输入文本成功 element: ('id', 'kw') value: 复仇者联盟
2022-09-09 20:40:12,586 - roo - INFO - 点击 element: ('id', 'su')
2022-09-09 20:40:13,947 - roo - INFO - 获取文本成功 value: ('css selector', '.hint_PIwZX.c_font_2AD7M')
2022-09-09 20:40:16,085 - roo - INFO - 关闭浏览器成功
2022-09-09 20:40:16,086 - roo - INFO - 测试全部结束
2022-09-09 20:41:25,946 - roo - INFO - 打开chrome浏览器成功
2022-09-09 20:41:25,949 - roo - INFO - 设置隐式等待时间： 15s
2022-09-09 20:41:26,089 - roo - INFO - 执行的测试用例为 隐入尘烟
2022-09-09 20:41:26,643 - roo - INFO - 打开网页成功: https://www.baidu.com/
2022-09-09 20:41:26,723 - roo - INFO - 输入文本成功 element: ('id', 'kw') value: 隐入尘烟
2022-09-09 20:41:26,952 - roo - INFO - 点击 element: ('id', 'su')
2022-09-09 20:41:27,993 - roo - INFO - 获取文本成功 value: ('css selector', '.hint_PIwZX.c_font_2AD7M')
2022-09-09 20:41:28,074 - roo - INFO - 执行的测试用例为 哈利波特
2022-09-09 20:41:28,354 - roo - INFO - 打开网页成功: https://www.baidu.com/
2022-09-09 20:41:28,442 - roo - INFO - 输入文本成功 element: ('id', 'kw') value: 哈利波特
2022-09-09 20:41:28,493 - roo - INFO - 点击 element: ('id', 'su')
2022-09-09 20:41:30,118 - roo - INFO - 获取文本成功 value: ('css selector', '.hint_PIwZX.c_font_2AD7M')
2022-09-09 20:41:30,128 - roo - INFO - 执行的测试用例为 复仇者联盟
2022-09-09 20:41:30,314 - roo - INFO - 打开网页成功: https://www.baidu.com/
2022-09-09 20:41:30,386 - roo - INFO - 输入文本成功 element: ('id', 'kw') value: 复仇者联盟
2022-09-09 20:41:30,441 - roo - INFO - 点击 element: ('id', 'su')
2022-09-09 20:41:32,044 - roo - INFO - 获取文本成功 value: ('css selector', '.hint_PIwZX.c_font_2AD7M')
2022-09-09 20:41:34,205 - roo - INFO - 关闭浏览器成功
2022-09-09 20:41:34,206 - roo - INFO - 测试全部结束
2022-09-09 20:44:11,814 - roo - INFO - 打开chrome浏览器成功
2022-09-09 20:44:11,817 - roo - INFO - 设置隐式等待时间： 15s
2022-09-09 20:44:11,944 - roo - INFO - 执行的测试用例为 隐入尘烟
2022-09-09 20:44:12,570 - roo - INFO - 打开网页成功: https://www.baidu.com/
2022-09-09 20:44:12,645 - roo - INFO - 输入文本成功 element: ('id', 'kw') value: 隐入尘烟
2022-09-09 20:44:12,886 - roo - INFO - 点击 element: ('id', 'su')
2022-09-09 20:44:13,886 - roo - INFO - 获取文本成功 value: ('css selector', '.hint_PIwZX.c_font_2AD7M')
2022-09-09 20:44:13,895 - roo - INFO - 执行的测试用例为 哈利波特
2022-09-09 20:44:14,086 - roo - INFO - 打开网页成功: https://www.baidu.com/
2022-09-09 20:44:14,161 - roo - INFO - 输入文本成功 element: ('id', 'kw') value: 哈利波特
2022-09-09 20:44:14,215 - roo - INFO - 点击 element: ('id', 'su')
2022-09-09 20:44:15,485 - roo - INFO - 获取文本成功 value: ('css selector', '.hint_PIwZX.c_font_2AD7M')
2022-09-09 20:44:15,495 - roo - INFO - 执行的测试用例为 复仇者联盟
2022-09-09 20:44:15,678 - roo - INFO - 打开网页成功: https://www.baidu.com/
2022-09-09 20:44:15,750 - roo - INFO - 输入文本成功 element: ('id', 'kw') value: 复仇者联盟
2022-09-09 20:44:15,804 - roo - INFO - 点击 element: ('id', 'su')
2022-09-09 20:44:17,117 - roo - INFO - 获取文本成功 value: ('css selector', '.hint_PIwZX.c_font_2AD7M')
2022-09-09 20:44:19,271 - roo - INFO - 关闭浏览器成功
2022-09-09 20:44:19,272 - roo - INFO - 测试全部结束
2022-09-09 20:45:17,800 - roo - INFO - 打开chrome浏览器成功
2022-09-09 20:45:17,803 - roo - INFO - 设置隐式等待时间： 15s
2022-09-09 20:45:17,918 - roo - INFO - 执行的测试用例为 隐入尘烟
2022-09-09 20:45:18,441 - roo - INFO - 打开网页成功: https://www.baidu.com/
2022-09-09 20:45:18,506 - roo - INFO - 输入文本成功 element: ('id', 'kw') value: 隐入尘烟
2022-09-09 20:45:18,780 - roo - INFO - 点击 element: ('id', 'su')
2022-09-09 20:45:19,834 - roo - INFO - 获取文本成功 value: ('css selector', '.hint_PIwZX.c_font_2AD7M')
2022-09-09 20:45:19,845 - roo - INFO - 执行的测试用例为 哈利波特
2022-09-09 20:45:20,127 - roo - INFO - 打开网页成功: https://www.baidu.com/
2022-09-09 20:45:20,222 - roo - INFO - 输入文本成功 element: ('id', 'kw') value: 哈利波特
2022-09-09 20:45:20,273 - roo - INFO - 点击 element: ('id', 'su')
2022-09-09 20:45:21,571 - roo - INFO - 获取文本成功 value: ('css selector', '.hint_PIwZX.c_font_2AD7M')
2022-09-09 20:45:21,581 - roo - INFO - 执行的测试用例为 复仇者联盟
2022-09-09 20:45:21,757 - roo - INFO - 打开网页成功: https://www.baidu.com/
2022-09-09 20:45:21,818 - roo - INFO - 输入文本成功 element: ('id', 'kw') value: 复仇者联盟
2022-09-09 20:45:21,877 - roo - INFO - 点击 element: ('id', 'su')
2022-09-09 20:45:23,564 - roo - INFO - 获取文本成功 value: ('css selector', '.hint_PIwZX.c_font_2AD7M')
2022-09-09 20:45:25,716 - roo - INFO - 关闭浏览器成功
2022-09-09 20:45:25,717 - roo - INFO - 测试全部结束
2022-09-09 20:51:20,914 - roo - INFO - 打开chrome浏览器成功
2022-09-09 20:51:20,916 - roo - INFO - 设置隐式等待时间： 15s
2022-09-09 20:51:21,046 - roo - INFO - 执行的测试用例为 隐入尘烟
2022-09-09 20:51:21,585 - roo - INFO - 打开网页成功: https://www.baidu.com/
2022-09-09 20:51:21,658 - roo - INFO - 输入文本成功 element: ('id', 'kw') value: 隐入尘烟
2022-09-09 20:51:21,900 - roo - INFO - 点击 element: ('id', 'su')
2022-09-09 20:51:23,051 - roo - INFO - 获取文本成功 value: ('css selector', '.hint_PIwZX.c_font_2AD7M')
2022-09-09 20:51:23,061 - roo - INFO - 执行的测试用例为 哈利波特
2022-09-09 20:51:23,246 - roo - INFO - 打开网页成功: https://www.baidu.com/
2022-09-09 20:51:23,328 - roo - INFO - 输入文本成功 element: ('id', 'kw') value: 哈利波特
2022-09-09 20:51:23,372 - roo - INFO - 点击 element: ('id', 'su')
2022-09-09 20:51:24,653 - roo - INFO - 获取文本成功 value: ('css selector', '.hint_PIwZX.c_font_2AD7M')
2022-09-09 20:51:24,662 - roo - INFO - 执行的测试用例为 复仇者联盟
2022-09-09 20:51:24,827 - roo - INFO - 打开网页成功: https://www.baidu.com/
2022-09-09 20:51:24,907 - roo - INFO - 输入文本成功 element: ('id', 'kw') value: 复仇者联盟
2022-09-09 20:51:24,964 - roo - INFO - 点击 element: ('id', 'su')
2022-09-09 20:51:26,457 - roo - INFO - 获取文本成功 value: ('css selector', '.hint_PIwZX.c_font_2AD7M')
2022-09-09 20:51:28,608 - roo - INFO - 关闭浏览器成功
2022-09-09 20:51:28,609 - roo - INFO - 测试全部结束
2022-09-09 21:10:40,271 - roo - INFO - 打开chrome浏览器成功
2022-09-09 21:10:40,276 - roo - INFO - 设置隐式等待时间： 15s
2022-09-09 21:10:40,411 - roo - INFO - 执行的测试用例为 隐入尘烟
2022-09-09 21:10:41,005 - roo - INFO - 打开网页成功: https://www.baidu.com/
2022-09-09 21:10:41,207 - roo - INFO - 输入文本成功 element: ('id', 'kw') value: 隐入尘烟
2022-09-09 21:10:41,334 - roo - INFO - 点击 element: ('id', 'su')
2022-09-09 21:10:42,480 - roo - INFO - 执行的测试用例为 哈利波特
2022-09-09 21:10:42,487 - roo - INFO - 执行的测试用例为 复仇者联盟
2022-09-09 21:10:44,565 - roo - INFO - 关闭浏览器成功
2022-09-09 21:10:44,566 - roo - INFO - 测试全部结束
2022-09-09 21:10:48,091 - roo - INFO - 打开chrome浏览器成功
2022-09-09 21:10:48,093 - roo - INFO - 设置隐式等待时间： 15s
2022-09-09 21:10:48,214 - roo - INFO - 执行的测试用例为 隐入尘烟
2022-09-09 21:10:48,861 - roo - INFO - 打开网页成功: https://www.baidu.com/
2022-09-09 21:10:48,940 - roo - INFO - 输入文本成功 element: ('id', 'kw') value: 隐入尘烟
2022-09-09 21:10:49,163 - roo - INFO - 点击 element: ('id', 'su')
2022-09-09 21:10:50,183 - roo - INFO - 获取文本成功 value: ('css selector', '.hint_PIwZX.c_font_2AD7M')
2022-09-09 21:10:50,196 - roo - INFO - 执行的测试用例为 哈利波特
2022-09-09 21:10:50,403 - roo - INFO - 打开网页成功: https://www.baidu.com/
2022-09-09 21:10:50,483 - roo - INFO - 输入文本成功 element: ('id', 'kw') value: 哈利波特
2022-09-09 21:10:50,534 - roo - INFO - 点击 element: ('id', 'su')
2022-09-09 21:10:51,853 - roo - INFO - 获取文本成功 value: ('css selector', '.hint_PIwZX.c_font_2AD7M')
2022-09-09 21:10:51,861 - roo - INFO - 执行的测试用例为 复仇者联盟
2022-09-09 21:10:52,042 - roo - INFO - 打开网页成功: https://www.baidu.com/
2022-09-09 21:10:52,105 - roo - INFO - 输入文本成功 element: ('id', 'kw') value: 复仇者联盟
2022-09-09 21:10:52,157 - roo - INFO - 点击 element: ('id', 'su')
2022-09-09 21:10:53,369 - roo - INFO - 获取文本成功 value: ('css selector', '.hint_PIwZX.c_font_2AD7M')
2022-09-09 21:10:55,546 - roo - INFO - 关闭浏览器成功
2022-09-09 21:10:55,547 - roo - INFO - 测试全部结束
2022-09-09 21:13:26,512 - roo - INFO - 执行的测试用例为 隐入尘烟
2022-09-09 21:13:28,716 - roo - INFO - 执行的测试用例为 哈利波特
2022-09-09 21:13:30,233 - roo - INFO - 执行的测试用例为 复仇者联盟
2022-09-09 21:13:34,610 - roo - INFO - 测试全部结束
2022-09-16 00:22:01,702 - roo - INFO - 执行的测试用例为 隐入尘烟
2022-09-16 00:22:03,526 - roo - INFO - 执行的测试用例为 哈利波特
2022-09-16 00:22:05,023 - roo - INFO - 执行的测试用例为 复仇者联盟
2022-09-16 00:25:23,248 - roo - INFO - 执行的测试用例为 隐入尘烟
2022-09-16 00:25:24,998 - roo - INFO - 执行的测试用例为 哈利波特
2022-09-16 00:25:26,430 - roo - INFO - 执行的测试用例为 复仇者联盟
2022-09-16 00:25:54,849 - roo - INFO - 执行的测试用例为 隐入尘烟
2022-09-16 00:25:56,582 - roo - INFO - 执行的测试用例为 哈利波特
2022-09-16 00:25:58,054 - roo - INFO - 执行的测试用例为 复仇者联盟
2022-09-16 00:27:33,623 - roo - INFO - 执行的测试用例为 隐入尘烟
2022-09-16 00:27:35,363 - roo - INFO - 执行的测试用例为 哈利波特
2022-09-16 00:27:36,844 - roo - INFO - 执行的测试用例为 复仇者联盟
2022-09-16 00:28:24,090 - roo - INFO - 执行的测试用例为 隐入尘烟
2022-09-16 00:28:25,798 - roo - INFO - 执行的测试用例为 哈利波特
2022-09-16 00:28:27,277 - roo - INFO - 执行的测试用例为 复仇者联盟
2022-09-16 00:28:53,146 - roo - INFO - 执行的测试用例为 隐入尘烟
2022-09-16 00:28:54,884 - roo - INFO - 执行的测试用例为 哈利波特
2022-09-16 00:28:56,362 - roo - INFO - 执行的测试用例为 复仇者联盟
2022-09-16 00:30:14,656 - roo - INFO - 执行的测试用例为 隐入尘烟
2022-09-16 00:30:16,406 - roo - INFO - 执行的测试用例为 哈利波特
2022-09-16 00:30:17,877 - roo - INFO - 执行的测试用例为 复仇者联盟
2022-09-16 00:36:55,352 - roo - INFO - 执行的测试用例为 隐入尘烟
2022-09-16 00:36:57,129 - roo - INFO - 执行的测试用例为 哈利波特
2022-09-16 00:36:58,625 - roo - INFO - 执行的测试用例为 复仇者联盟
2022-09-16 00:48:44,258 - roo - INFO - 执行的测试用例为 隐入尘烟
2022-09-16 00:48:55,525 - roo - INFO - 执行的测试用例为 哈利波特
2022-09-16 00:48:56,724 - roo - INFO - 执行的测试用例为 复仇者联盟
